INFO: jruby /usr/local/bin/p-topics -m bigram-rrc-pro-22k-107ml
DEBUG: openning model files (id: bigram-rrc-pro-22k-107ml)
DEBUG: begins reading lines
.............................................................................................................................................................................................................................................................................................................................................................................................................................................................................................................................................................................................................................................................................................................................................................................................................................................................................................................................................................................................................................................................................................................................................................................................................................................................................................................................................................................................................................................................................................................................................................................................................................................................................................................................................................................................................................................................................................................................................................................................................................................................................................................................................................................................................................................................................................................................................................................DEBUG: ends reading lines
### Frequences keyed by topic & FAQ: 
{
  "1": {
    "How do I recharge an order?": 5,
    "How long does a customer have to request a return or refund?": 13,
    "I'm concerned about negative feedback; what can I do?": 113,
    "How do I verify if a refund has been processed?": 3,
    "How do I cancel a refund?": 4,
    "What do I do if an order is returned as undeliverable?": 7,
    "What is your return policy?": 4,
    "How do I process a return?": 3,
    "What do I do if the customer claims they never received their order?": 5,
    "What do I do if I suspect customer fraud?": 26,
    "How do I process a refund?": 6,
    "What do I do if my customer claims they never received their item, but I have delivery confirmation?": 12,
    "What do I do if a customer returns an item they have opened/used?": 3,
    "My product cannot be resold in the condition it was returned; am I still obligated to approve the return or refund?": 6,
    "hat do I do if I suspect customer fraud?": 1
  },
  "17": {
    "How do I recharge an order?": 3,
    "How long does a customer have to request a return or refund?": 4,
    "How do I verify if a refund has been processed?": 2,
    "How do I cancel a refund?": 1,
    "What do I do if an order is returned as undeliverable?": 2,
    "What do I do if the customer claims they never received their order?": 3,
    "What do I do if I suspect customer fraud?": 2,
    "How do I process a refund?": 4,
    "What do I do if a customer returns an item they have opened/used?": 1
  },
  "9": {
    "How do I recharge an order?": 5,
    "How long does a customer have to request a return or refund?": 12,
    "I'm concerned about negative feedback; what can I do?": 3,
    "How do I cancel a refund?": 6,
    "What do I do if an order is returned as undeliverable?": 11,
    "What is your return policy?": 11,
    "How do I process a return?": 10,
    "What do I do if the customer claims they never received their order?": 1,
    "What do I do if I suspect customer fraud?": 4,
    "How do I process a refund?": 6,
    "What do I do if a customer returns an item they have opened/used?": 8,
    "My product cannot be resold in the condition it was returned; am I still obligated to approve the return or refund?": 4
  },
  "10": {
    "How do I recharge an order?": 4,
    "How long does a customer have to request a return or refund?": 1,
    "How do I verify if a refund has been processed?": 3,
    "What do I do if an order is returned as undeliverable?": 2,
    "How do I process a return?": 1,
    "What do I do if the customer claims they never received their order?": 1,
    "What do I do if I suspect customer fraud?": 4,
    "How do I process a refund?": 2,
    "What do I do if my customer claims they never received their item, but I have delivery confirmation?": 1
  },
  "19": {
    "How do I recharge an order?": 16,
    "How long does a customer have to request a return or refund?": 8,
    "I'm concerned about negative feedback; what can I do?": 4,
    "How do I verify if a refund has been processed?": 5,
    "How do I cancel a refund?": 4,
    "What do I do if an order is returned as undeliverable?": 10,
    "What is your return policy?": 1,
    "How do I process a return?": 3,
    "What do I do if the customer claims they never received their order?": 53,
    "What do I do if I suspect customer fraud?": 19,
    "How do I process a refund?": 1,
    "What do I do if my customer claims they never received their item, but I have delivery confirmation?": 119,
    "What do I do if a customer returns an item they have opened/used?": 4
  },
  "5": {
    "How do I recharge an order?": 2,
    "How long does a customer have to request a return or refund?": 2,
    "I'm concerned about negative feedback; what can I do?": 3,
    "How do I verify if a refund has been processed?": 1,
    "How do I cancel a refund?": 2,
    "What do I do if an order is returned as undeliverable?": 124,
    "How do I process a return?": 1,
    "What do I do if the customer claims they never received their order?": 4,
    "What do I do if I suspect customer fraud?": 13,
    "How do I process a refund?": 6,
    "What do I do if my customer claims they never received their item, but I have delivery confirmation?": 5
  },
  "3": {
    "How do I recharge an order?": 6,
    "How long does a customer have to request a return or refund?": 2,
    "I'm concerned about negative feedback; what can I do?": 1,
    "How do I verify if a refund has been processed?": 1,
    "How do I cancel a refund?": 2,
    "What do I do if an order is returned as undeliverable?": 8,
    "What is your return policy?": 1,
    "How do I process a return?": 3,
    "What do I do if the customer claims they never received their order?": 3,
    "What do I do if I suspect customer fraud?": 5,
    "How do I process a refund?": 1,
    "What do I do if my customer claims they never received their item, but I have delivery confirmation?": 7,
    "What do I do if a customer returns an item they have opened/used?": 1,
    "My product cannot be resold in the condition it was returned; am I still obligated to approve the return or refund?": 5
  },
  "12": {
    "How do I recharge an order?": 4,
    "I'm concerned about negative feedback; what can I do?": 1,
    "How do I verify if a refund has been processed?": 3,
    "How do I cancel a refund?": 4,
    "What do I do if an order is returned as undeliverable?": 3,
    "What do I do if I suspect customer fraud?": 3,
    "How do I process a refund?": 1
  },
  "16": {
    "How do I recharge an order?": 12,
    "How long does a customer have to request a return or refund?": 3,
    "I'm concerned about negative feedback; what can I do?": 4,
    "How do I verify if a refund has been processed?": 45,
    "How do I cancel a refund?": 27,
    "What do I do if an order is returned as undeliverable?": 5,
    "What is your return policy?": 1,
    "How do I process a return?": 5,
    "What do I do if I suspect customer fraud?": 2,
    "How do I process a refund?": 246,
    "What do I do if my customer claims they never received their item, but I have delivery confirmation?": 1,
    "What do I do if a customer returns an item they have opened/used?": 1,
    "My product cannot be resold in the condition it was returned; am I still obligated to approve the return or refund?": 1
  },
  "0": {
    "How do I recharge an order?": 8,
    "How long does a customer have to request a return or refund?": 14,
    "I'm concerned about negative feedback; what can I do?": 2,
    "How do I verify if a refund has been processed?": 3,
    "What do I do if an order is returned as undeliverable?": 5,
    "How do I process a return?": 3,
    "What do I do if the customer claims they never received their order?": 11,
    "What do I do if I suspect customer fraud?": 12,
    "What do I do if my customer claims they never received their item, but I have delivery confirmation?": 96,
    "What do I do if a customer returns an item they have opened/used?": 1
  },
  "8": {
    "How do I recharge an order?": 67,
    "How long does a customer have to request a return or refund?": 5,
    "How do I verify if a refund has been processed?": 5,
    "How do I cancel a refund?": 1,
    "What do I do if an order is returned as undeliverable?": 1,
    "How do I process a return?": 1,
    "What do I do if the customer claims they never received their order?": 1,
    "What do I do if I suspect customer fraud?": 1,
    "How do I process a refund?": 5,
    "What do I do if my customer claims they never received their item, but I have delivery confirmation?": 1,
    "What do I do if a customer returns an item they have opened/used?": 1
  },
  "18": {
    "How do I recharge an order?": 2,
    "How long does a customer have to request a return or refund?": 3,
    "I'm concerned about negative feedback; what can I do?": 3,
    "How do I cancel a refund?": 1,
    "What do I do if an order is returned as undeliverable?": 5,
    "What is your return policy?": 7,
    "How do I process a return?": 21,
    "What do I do if the customer claims they never received their order?": 2,
    "What do I do if I suspect customer fraud?": 1,
    "How do I process a refund?": 4,
    "What do I do if a customer returns an item they have opened/used?": 15,
    "My product cannot be resold in the condition it was returned; am I still obligated to approve the return or refund?": 6
  },
  "13": {
    "How do I recharge an order?": 2,
    "How long does a customer have to request a return or refund?": 19,
    "How do I verify if a refund has been processed?": 2,
    "How do I cancel a refund?": 2,
    "What do I do if an order is returned as undeliverable?": 1,
    "What is your return policy?": 2,
    "How do I process a return?": 3,
    "How do I process a refund?": 8,
    "What do I do if a customer returns an item they have opened/used?": 4
  },
  "4": {
    "How do I recharge an order?": 2,
    "How long does a customer have to request a return or refund?": 1,
    "I'm concerned about negative feedback; what can I do?": 3,
    "How do I cancel a refund?": 1,
    "What do I do if an order is returned as undeliverable?": 1,
    "What is your return policy?": 4,
    "How do I process a return?": 4,
    "What do I do if the customer claims they never received their order?": 1,
    "What do I do if I suspect customer fraud?": 9,
    "What do I do if my customer claims they never received their item, but I have delivery confirmation?": 1,
    "What do I do if a customer returns an item they have opened/used?": 2
  },
  "14": {
    "How do I recharge an order?": 1,
    "How long does a customer have to request a return or refund?": 20,
    "I'm concerned about negative feedback; what can I do?": 2,
    "How do I verify if a refund has been processed?": 9,
    "How do I cancel a refund?": 9,
    "What do I do if an order is returned as undeliverable?": 9,
    "What is your return policy?": 64,
    "How do I process a return?": 36,
    "What do I do if I suspect customer fraud?": 3,
    "How do I process a refund?": 30,
    "What do I do if a customer returns an item they have opened/used?": 9,
    "My product cannot be resold in the condition it was returned; am I still obligated to approve the return or refund?": 5
  },
  "15": {
    "How do I recharge an order?": 15,
    "How long does a customer have to request a return or refund?": 8,
    "I'm concerned about negative feedback; what can I do?": 3,
    "How do I verify if a refund has been processed?": 3,
    "How do I cancel a refund?": 5,
    "What do I do if an order is returned as undeliverable?": 13,
    "What is your return policy?": 3,
    "How do I process a return?": 24,
    "What do I do if the customer claims they never received their order?": 1,
    "What do I do if I suspect customer fraud?": 4,
    "How do I process a refund?": 4,
    "What do I do if my customer claims they never received their item, but I have delivery confirmation?": 1,
    "What do I do if a customer returns an item they have opened/used?": 6,
    "My product cannot be resold in the condition it was returned; am I still obligated to approve the return or refund?": 3
  },
  "11": {
    "How do I recharge an order?": 3,
    "I'm concerned about negative feedback; what can I do?": 1,
    "How do I verify if a refund has been processed?": 9,
    "How do I cancel a refund?": 6,
    "What do I do if an order is returned as undeliverable?": 2,
    "What is your return policy?": 10,
    "How do I process a return?": 7,
    "What do I do if the customer claims they never received their order?": 3,
    "How do I process a refund?": 5,
    "What do I do if a customer returns an item they have opened/used?": 3,
    "My product cannot be resold in the condition it was returned; am I still obligated to approve the return or refund?": 1
  },
  "6": {
    "How do I recharge an order?": 5,
    "How long does a customer have to request a return or refund?": 39,
    "I'm concerned about negative feedback; what can I do?": 3,
    "How do I verify if a refund has been processed?": 2,
    "What do I do if an order is returned as undeliverable?": 5,
    "What is your return policy?": 30,
    "How do I process a return?": 240,
    "What do I do if the customer claims they never received their order?": 4,
    "What do I do if I suspect customer fraud?": 6,
    "How do I process a refund?": 8,
    "What do I do if a customer returns an item they have opened/used?": 14,
    "My product cannot be resold in the condition it was returned; am I still obligated to approve the return or refund?": 12,
    "My product cannot be resold in the condition it was returned; am I still obligated to approve the return or refund": 1
  },
  "2": {
    "How long does a customer have to request a return or refund?": 1,
    "I'm concerned about negative feedback; what can I do?": 1,
    "How do I verify if a refund has been processed?": 1,
    "What do I do if an order is returned as undeliverable?": 1,
    "What is your return policy?": 3,
    "How do I process a return?": 4,
    "What do I do if my customer claims they never received their item, but I have delivery confirmation?": 1
  },
  "7": {
    "I'm concerned about negative feedback; what can I do?": 3,
    "What is your return policy?": 2,
    "How do I process a return?": 2,
    "What do I do if the customer claims they never received their order?": 1,
    "What do I do if I suspect customer fraud?": 7,
    "How do I process a refund?": 1,
    "What do I do if a customer returns an item they have opened/used?": 1
  }
}
### Frequency max keyed by topic: 
{
  "1": 113,
  "17": 4,
  "9": 12,
  "10": 4,
  "19": 119,
  "5": 124,
  "3": 8,
  "12": 4,
  "16": 246,
  "0": 96,
  "8": 67,
  "18": 21,
  "13": 19,
  "4": 9,
  "14": 64,
  "15": 24,
  "11": 10,
  "6": 240,
  "2": 4,
  "7": 7
}
### Frequency sum keyed by topic: 
{
  "1": 211,
  "17": 22,
  "9": 81,
  "10": 19,
  "19": 247,
  "5": 163,
  "3": 46,
  "12": 19,
  "16": 353,
  "0": 155,
  "8": 89,
  "18": 70,
  "13": 43,
  "4": 29,
  "14": 197,
  "15": 93,
  "11": 50,
  "6": 369,
  "2": 12,
  "7": 17
}
### Frequency sum keyed by FAQ: 
{
  "How do I recharge an order?": 162,
  "How long does a customer have to request a return or refund?": 155,
  "I'm concerned about negative feedback; what can I do?": 150,
  "How do I verify if a refund has been processed?": 97,
  "How do I cancel a refund?": 75,
  "What do I do if an order is returned as undeliverable?": 215,
  "What is your return policy?": 143,
  "How do I process a return?": 371,
  "What do I do if the customer claims they never received their order?": 94,
  "What do I do if I suspect customer fraud?": 121,
  "How do I process a refund?": 338,
  "What do I do if my customer claims they never received their item, but I have delivery confirmation?": 245,
  "What do I do if a customer returns an item they have opened/used?": 74,
  "My product cannot be resold in the condition it was returned; am I still obligated to approve the return or refund?": 43,
  "My product cannot be resold in the condition it was returned; am I still obligated to approve the return or refund": 1,
  "hat do I do if I suspect customer fraud?": 1
}
### Overall topic modeling accuracy: 
52.3
