INFO: jruby /usr/local/bin/p-topics -m unigram-rrc-pro-22k
DEBUG: openning model files (id: unigram-rrc-pro-22k)
DEBUG: begins reading lines
.............................................................................................................................................................................................................................................................................................................................................................................................................................................................................................................................................................................................................................................................................................................................................................................................................................................................................................................................................................................................................................................................................................................................................................................................................................................................................................................................................................................................................................................................................................................................................................................................................................................................................................................................................................................................................................................................................................................................................................................................................................................................................................................................................................................................................................................................................................................................................................................DEBUG: ends reading lines
### Frequences keyed by topic & FAQ: 
{
  "15": {
    "How do I recharge an order?": 2,
    "How long does a customer have to request a return or refund?": 5,
    "I'm concerned about negative feedback; what can I do?": 3,
    "How do I verify if a refund has been processed?": 4,
    "How do I cancel a refund?": 2,
    "What is your return policy?": 2,
    "What do I do if the customer claims they never received their order?": 1,
    "What do I do if I suspect customer fraud?": 4,
    "How do I process a refund?": 2,
    "What do I do if my customer claims they never received their item, but I have delivery confirmation?": 1,
    "What do I do if a customer returns an item they have opened/used?": 7,
    "My product cannot be resold in the condition it was returned; am I still obligated to approve the return or refund?": 1,
    "My product cannot be resold in the condition it was returned; am I still obligated to approve the return or refund": 1
  },
  "13": {
    "How do I recharge an order?": 94,
    "How long does a customer have to request a return or refund?": 2,
    "How do I verify if a refund has been processed?": 19,
    "How do I cancel a refund?": 6,
    "What do I do if an order is returned as undeliverable?": 1,
    "What is your return policy?": 3,
    "How do I process a return?": 5,
    "What do I do if the customer claims they never received their order?": 8,
    "What do I do if I suspect customer fraud?": 3,
    "How do I process a refund?": 6,
    "What do I do if my customer claims they never received their item, but I have delivery confirmation?": 5,
    "My product cannot be resold in the condition it was returned; am I still obligated to approve the return or refund?": 1
  },
  "19": {
    "How do I recharge an order?": 6,
    "How long does a customer have to request a return or refund?": 2,
    "I'm concerned about negative feedback; what can I do?": 2,
    "How do I verify if a refund has been processed?": 5,
    "How do I cancel a refund?": 12,
    "What do I do if an order is returned as undeliverable?": 12,
    "What is your return policy?": 5,
    "How do I process a return?": 13,
    "What do I do if I suspect customer fraud?": 3,
    "How do I process a refund?": 23,
    "What do I do if my customer claims they never received their item, but I have delivery confirmation?": 1,
    "What do I do if a customer returns an item they have opened/used?": 2
  },
  "4": {
    "How do I recharge an order?": 11,
    "How long does a customer have to request a return or refund?": 3,
    "I'm concerned about negative feedback; what can I do?": 5,
    "How do I verify if a refund has been processed?": 3,
    "How do I cancel a refund?": 3,
    "What do I do if an order is returned as undeliverable?": 13,
    "What is your return policy?": 2,
    "How do I process a return?": 19,
    "What do I do if the customer claims they never received their order?": 9,
    "What do I do if I suspect customer fraud?": 8,
    "How do I process a refund?": 5,
    "What do I do if my customer claims they never received their item, but I have delivery confirmation?": 6,
    "What do I do if a customer returns an item they have opened/used?": 2
  },
  "1": {
    "How do I recharge an order?": 7,
    "I'm concerned about negative feedback; what can I do?": 6,
    "How do I verify if a refund has been processed?": 3,
    "What do I do if an order is returned as undeliverable?": 3,
    "How do I process a return?": 3,
    "What do I do if the customer claims they never received their order?": 1,
    "What do I do if I suspect customer fraud?": 4,
    "How do I process a refund?": 9,
    "What do I do if my customer claims they never received their item, but I have delivery confirmation?": 6,
    "What do I do if a customer returns an item they have opened/used?": 3,
    "My product cannot be resold in the condition it was returned; am I still obligated to approve the return or refund?": 1
  },
  "0": {
    "How do I recharge an order?": 14,
    "How long does a customer have to request a return or refund?": 12,
    "I'm concerned about negative feedback; what can I do?": 2,
    "How do I verify if a refund has been processed?": 2,
    "How do I cancel a refund?": 4,
    "What do I do if an order is returned as undeliverable?": 17,
    "What is your return policy?": 1,
    "How do I process a return?": 4,
    "What do I do if the customer claims they never received their order?": 21,
    "What do I do if I suspect customer fraud?": 17,
    "What do I do if my customer claims they never received their item, but I have delivery confirmation?": 173,
    "What do I do if a customer returns an item they have opened/used?": 1
  },
  "18": {
    "How do I recharge an order?": 3,
    "How long does a customer have to request a return or refund?": 2,
    "I'm concerned about negative feedback; what can I do?": 2,
    "How do I verify if a refund has been processed?": 1,
    "How do I cancel a refund?": 2,
    "What do I do if an order is returned as undeliverable?": 19,
    "How do I process a return?": 2,
    "What do I do if the customer claims they never received their order?": 4,
    "What do I do if I suspect customer fraud?": 6,
    "How do I process a refund?": 3,
    "What do I do if my customer claims they never received their item, but I have delivery confirmation?": 3,
    "What do I do if a customer returns an item they have opened/used?": 2
  },
  "16": {
    "How do I recharge an order?": 3,
    "How long does a customer have to request a return or refund?": 67,
    "How do I verify if a refund has been processed?": 1,
    "What do I do if an order is returned as undeliverable?": 1,
    "What is your return policy?": 9,
    "How do I process a return?": 21,
    "What do I do if the customer claims they never received their order?": 1,
    "What do I do if I suspect customer fraud?": 3,
    "How do I process a refund?": 6,
    "What do I do if my customer claims they never received their item, but I have delivery confirmation?": 1,
    "What do I do if a customer returns an item they have opened/used?": 5,
    "My product cannot be resold in the condition it was returned; am I still obligated to approve the return or refund?": 2
  },
  "2": {
    "How do I recharge an order?": 4,
    "How long does a customer have to request a return or refund?": 2,
    "I'm concerned about negative feedback; what can I do?": 2,
    "How do I verify if a refund has been processed?": 33,
    "How do I cancel a refund?": 33,
    "What do I do if an order is returned as undeliverable?": 7,
    "What is your return policy?": 2,
    "How do I process a return?": 21,
    "What do I do if the customer claims they never received their order?": 5,
    "What do I do if I suspect customer fraud?": 2,
    "How do I process a refund?": 68,
    "What do I do if my customer claims they never received their item, but I have delivery confirmation?": 4,
    "What do I do if a customer returns an item they have opened/used?": 1
  },
  "3": {
    "How do I recharge an order?": 1,
    "How long does a customer have to request a return or refund?": 6,
    "I'm concerned about negative feedback; what can I do?": 103,
    "How do I cancel a refund?": 1,
    "What do I do if an order is returned as undeliverable?": 4,
    "What is your return policy?": 2,
    "How do I process a return?": 2,
    "What do I do if the customer claims they never received their order?": 2,
    "What do I do if I suspect customer fraud?": 19,
    "How do I process a refund?": 3,
    "What do I do if my customer claims they never received their item, but I have delivery confirmation?": 6,
    "What do I do if a customer returns an item they have opened/used?": 1,
    "hat do I do if I suspect customer fraud?": 1
  },
  "14": {
    "How do I recharge an order?": 2,
    "How long does a customer have to request a return or refund?": 10,
    "I'm concerned about negative feedback; what can I do?": 3,
    "How do I verify if a refund has been processed?": 4,
    "How do I cancel a refund?": 1,
    "What do I do if an order is returned as undeliverable?": 9,
    "What is your return policy?": 63,
    "How do I process a return?": 23,
    "What do I do if the customer claims they never received their order?": 2,
    "How do I process a refund?": 1,
    "What do I do if my customer claims they never received their item, but I have delivery confirmation?": 1,
    "What do I do if a customer returns an item they have opened/used?": 21,
    "My product cannot be resold in the condition it was returned; am I still obligated to approve the return or refund?": 9
  },
  "12": {
    "How do I recharge an order?": 4,
    "How long does a customer have to request a return or refund?": 5,
    "I'm concerned about negative feedback; what can I do?": 2,
    "How do I verify if a refund has been processed?": 14,
    "How do I cancel a refund?": 6,
    "What do I do if an order is returned as undeliverable?": 4,
    "What is your return policy?": 1,
    "How do I process a return?": 3,
    "What do I do if the customer claims they never received their order?": 7,
    "What do I do if I suspect customer fraud?": 6,
    "How do I process a refund?": 162,
    "What do I do if my customer claims they never received their item, but I have delivery confirmation?": 3,
    "What do I do if a customer returns an item they have opened/used?": 6,
    "My product cannot be resold in the condition it was returned; am I still obligated to approve the return or refund?": 2
  },
  "17": {
    "How do I recharge an order?": 9,
    "How long does a customer have to request a return or refund?": 29,
    "I'm concerned about negative feedback; what can I do?": 7,
    "How do I verify if a refund has been processed?": 2,
    "How do I cancel a refund?": 4,
    "What do I do if an order is returned as undeliverable?": 16,
    "What is your return policy?": 21,
    "How do I process a return?": 139,
    "What do I do if the customer claims they never received their order?": 17,
    "What do I do if I suspect customer fraud?": 8,
    "How do I process a refund?": 20,
    "What do I do if my customer claims they never received their item, but I have delivery confirmation?": 4,
    "What do I do if a customer returns an item they have opened/used?": 12,
    "My product cannot be resold in the condition it was returned; am I still obligated to approve the return or refund?": 12
  },
  "9": {
    "How do I recharge an order?": 1,
    "I'm concerned about negative feedback; what can I do?": 2,
    "How do I verify if a refund has been processed?": 1,
    "What do I do if an order is returned as undeliverable?": 1,
    "What is your return policy?": 2,
    "How do I process a return?": 1,
    "What do I do if the customer claims they never received their order?": 1,
    "What do I do if I suspect customer fraud?": 3,
    "How do I process a refund?": 9,
    "What do I do if a customer returns an item they have opened/used?": 1,
    "My product cannot be resold in the condition it was returned; am I still obligated to approve the return or refund?": 2
  },
  "7": {
    "How do I recharge an order?": 1,
    "How long does a customer have to request a return or refund?": 5,
    "I'm concerned about negative feedback; what can I do?": 3,
    "How do I verify if a refund has been processed?": 2,
    "How do I cancel a refund?": 1,
    "What do I do if an order is returned as undeliverable?": 4,
    "How do I process a return?": 4,
    "What do I do if the customer claims they never received their order?": 9,
    "What do I do if I suspect customer fraud?": 23,
    "How do I process a refund?": 1,
    "What do I do if my customer claims they never received their item, but I have delivery confirmation?": 16,
    "What do I do if a customer returns an item they have opened/used?": 1
  },
  "5": {
    "How long does a customer have to request a return or refund?": 2,
    "I'm concerned about negative feedback; what can I do?": 1,
    "What is your return policy?": 1,
    "How do I process a return?": 1,
    "What do I do if I suspect customer fraud?": 2
  },
  "10": {
    "How long does a customer have to request a return or refund?": 3,
    "I'm concerned about negative feedback; what can I do?": 1,
    "How do I verify if a refund has been processed?": 1,
    "What do I do if an order is returned as undeliverable?": 3,
    "What is your return policy?": 20,
    "How do I process a return?": 100,
    "What do I do if the customer claims they never received their order?": 1,
    "How do I process a refund?": 7,
    "What do I do if my customer claims they never received their item, but I have delivery confirmation?": 2,
    "What do I do if a customer returns an item they have opened/used?": 5,
    "My product cannot be resold in the condition it was returned; am I still obligated to approve the return or refund?": 1
  },
  "6": {
    "I'm concerned about negative feedback; what can I do?": 1,
    "How do I verify if a refund has been processed?": 1,
    "What do I do if an order is returned as undeliverable?": 1,
    "What is your return policy?": 2,
    "How do I process a return?": 1,
    "What do I do if I suspect customer fraud?": 5,
    "How do I process a refund?": 4,
    "What do I do if my customer claims they never received their item, but I have delivery confirmation?": 8,
    "What do I do if a customer returns an item they have opened/used?": 3,
    "My product cannot be resold in the condition it was returned; am I still obligated to approve the return or refund?": 6
  },
  "8": {
    "I'm concerned about negative feedback; what can I do?": 2,
    "What do I do if an order is returned as undeliverable?": 100,
    "What is your return policy?": 2,
    "How do I process a return?": 7,
    "What do I do if the customer claims they never received their order?": 5,
    "What do I do if I suspect customer fraud?": 4,
    "How do I process a refund?": 3,
    "What do I do if my customer claims they never received their item, but I have delivery confirmation?": 5,
    "What do I do if a customer returns an item they have opened/used?": 1
  },
  "11": {
    "I'm concerned about negative feedback; what can I do?": 3,
    "How do I verify if a refund has been processed?": 1,
    "What is your return policy?": 5,
    "How do I process a return?": 2,
    "What do I do if I suspect customer fraud?": 1,
    "How do I process a refund?": 6,
    "My product cannot be resold in the condition it was returned; am I still obligated to approve the return or refund?": 6
  }
}
### Frequency max keyed by topic: 
{
  "15": 7,
  "13": 94,
  "19": 23,
  "4": 19,
  "1": 9,
  "0": 173,
  "18": 19,
  "16": 67,
  "2": 68,
  "3": 103,
  "14": 63,
  "12": 162,
  "17": 139,
  "9": 9,
  "7": 23,
  "5": 2,
  "10": 100,
  "6": 8,
  "8": 100,
  "11": 6
}
### Frequency sum keyed by topic: 
{
  "15": 35,
  "13": 153,
  "19": 86,
  "4": 89,
  "1": 46,
  "0": 268,
  "18": 49,
  "16": 120,
  "2": 184,
  "3": 151,
  "14": 149,
  "12": 225,
  "17": 300,
  "9": 24,
  "7": 70,
  "5": 7,
  "10": 144,
  "6": 32,
  "8": 129,
  "11": 24
}
### Frequency sum keyed by FAQ: 
{
  "How do I recharge an order?": 162,
  "How long does a customer have to request a return or refund?": 155,
  "I'm concerned about negative feedback; what can I do?": 150,
  "How do I verify if a refund has been processed?": 97,
  "How do I cancel a refund?": 75,
  "What do I do if an order is returned as undeliverable?": 215,
  "What is your return policy?": 143,
  "How do I process a return?": 371,
  "What do I do if the customer claims they never received their order?": 94,
  "What do I do if I suspect customer fraud?": 121,
  "How do I process a refund?": 338,
  "What do I do if my customer claims they never received their item, but I have delivery confirmation?": 245,
  "What do I do if a customer returns an item they have opened/used?": 74,
  "My product cannot be resold in the condition it was returned; am I still obligated to approve the return or refund?": 43,
  "My product cannot be resold in the condition it was returned; am I still obligated to approve the return or refund": 1,
  "hat do I do if I suspect customer fraud?": 1
}
### Overall topic modeling accuracy: 
52.3
